Using pre-set license
Built from '2020.3/staging' branch; Version is '2020.3.16f1 (049d6eca3c44) revision 302446'; Using compiler version '192528614'; Build Type 'Release'
OS: 'Windows 10 Pro; OS build 19042.1466; Version 2009; 64bit' Language: 'en' Physical Memory: 32530 MB
BatchMode: 1, IsHumanControllingUs: 0, StartBugReporterOnCrash: 0, Is64bit: 1, IsPro: 0

 COMMAND LINE ARGUMENTS:
D:\Program Files\Unity\Hub\Editor\2020.3.16f1\Editor\Unity.exe
-adb2
-batchMode
-noUpm
-name
AssetImportWorker0
-projectPath
E:/UCLA_2_FALL/401_GREG STUDIO/3-Unity/StudioSetup
-logFile
Logs/AssetImportWorker0.log
-srvPort
65307
Successfully changed project path to: E:/UCLA_2_FALL/401_GREG STUDIO/3-Unity/StudioSetup
E:/UCLA_2_FALL/401_GREG STUDIO/3-Unity/StudioSetup
Using Asset Import Pipeline V2.
Refreshing native plugins compatible for Editor in 42.92 ms, found 2 plugins.
Preloading 0 native plugins for Editor in 0.00 ms.
Initialize engine version: 2020.3.16f1 (049d6eca3c44)
[Subsystems] Discovering subsystems at path D:/Program Files/Unity/Hub/Editor/2020.3.16f1/Editor/Data/Resources/UnitySubsystems
[Subsystems] Discovering subsystems at path E:/UCLA_2_FALL/401_GREG STUDIO/3-Unity/StudioSetup/Assets
GfxDevice: creating device client; threaded=0
Direct3D:
    Version:  Direct3D 11.0 [level 11.1]
    Renderer: Intel(R) UHD Graphics (ID=0x9bc4)
    Vendor:   
    VRAM:     16265 MB
    Driver:   27.20.100.9664
Initialize mono
Mono path[0] = 'D:/Program Files/Unity/Hub/Editor/2020.3.16f1/Editor/Data/Managed'
Mono path[1] = 'D:/Program Files/Unity/Hub/Editor/2020.3.16f1/Editor/Data/MonoBleedingEdge/lib/mono/unityjit'
Mono config path = 'D:/Program Files/Unity/Hub/Editor/2020.3.16f1/Editor/Data/MonoBleedingEdge/etc'
Using monoOptions --debugger-agent=transport=dt_socket,embedding=1,server=y,suspend=n,address=127.0.0.1:56064
Begin MonoManager ReloadAssembly
Registering precompiled unity dll's ...
Register platform support module: D:/Program Files/Unity/Hub/Editor/2020.3.16f1/Editor/Data/PlaybackEngines/WebGLSupport/UnityEditor.WebGL.Extensions.dll
Register platform support module: D:/Program Files/Unity/Hub/Editor/2020.3.16f1/Editor/Data/PlaybackEngines/WindowsStandaloneSupport/UnityEditor.WindowsStandalone.Extensions.dll
Registered in 0.000962 seconds.
Native extension for WindowsStandalone target not found
Native extension for WebGL target not found
Refreshing native plugins compatible for Editor in 46.75 ms, found 2 plugins.
Preloading 0 native plugins for Editor in 0.00 ms.
Mono: successfully reloaded assembly
- Completed reload, in  0.782 seconds
Domain Reload Profiling:
	ReloadAssembly (782ms)
		BeginReloadAssembly (40ms)
			ExecutionOrderSort (0ms)
			DisableScriptedObjects (0ms)
			BackupInstance (0ms)
			ReleaseScriptingObjects (0ms)
			CreateAndSetChildDomain (1ms)
		EndReloadAssembly (369ms)
			LoadAssemblies (40ms)
			RebuildTransferFunctionScriptingTraits (0ms)
			SetupTypeCache (127ms)
			ReleaseScriptCaches (0ms)
			RebuildScriptCaches (27ms)
			SetupLoadedEditorAssemblies (161ms)
				LogAssemblyErrors (0ms)
				InitializePlatformSupportModulesInManaged (4ms)
				SetLoadedEditorAssemblies (0ms)
				RefreshPlugins (47ms)
				BeforeProcessingInitializeOnLoad (18ms)
				ProcessInitializeOnLoadAttributes (67ms)
				ProcessInitializeOnLoadMethodAttributes (25ms)
				AfterProcessingInitializeOnLoad (0ms)
				EditorAssembliesLoaded (0ms)
			ExecutionOrderSort2 (0ms)
			AwakeInstancesAfterBackupRestoration (0ms)
Platform modules already initialized, skipping
Registering precompiled user dll's ...
Registered in 0.001771 seconds.
Begin MonoManager ReloadAssembly
Native extension for WindowsStandalone target not found
Native extension for WebGL target not found
Refreshing native plugins compatible for Editor in 44.70 ms, found 2 plugins.
Preloading 0 native plugins for Editor in 0.00 ms.
Mono: successfully reloaded assembly
- Completed reload, in  0.963 seconds
Domain Reload Profiling:
	ReloadAssembly (964ms)
		BeginReloadAssembly (117ms)
			ExecutionOrderSort (0ms)
			DisableScriptedObjects (4ms)
			BackupInstance (0ms)
			ReleaseScriptingObjects (0ms)
			CreateAndSetChildDomain (14ms)
		EndReloadAssembly (800ms)
			LoadAssemblies (68ms)
			RebuildTransferFunctionScriptingTraits (0ms)
			SetupTypeCache (268ms)
			ReleaseScriptCaches (0ms)
			RebuildScriptCaches (48ms)
			SetupLoadedEditorAssemblies (309ms)
				LogAssemblyErrors (0ms)
				InitializePlatformSupportModulesInManaged (4ms)
				SetLoadedEditorAssemblies (0ms)
				RefreshPlugins (45ms)
				BeforeProcessingInitializeOnLoad (68ms)
				ProcessInitializeOnLoadAttributes (185ms)
				ProcessInitializeOnLoadMethodAttributes (4ms)
				AfterProcessingInitializeOnLoad (2ms)
				EditorAssembliesLoaded (0ms)
			ExecutionOrderSort2 (0ms)
			AwakeInstancesAfterBackupRestoration (6ms)
Platform modules already initialized, skipping
========================================================================
Worker process is ready to serve import requests
Launched and connected shader compiler UnityShaderCompiler.exe after 0.06 seconds
Refreshing native plugins compatible for Editor in 0.43 ms, found 2 plugins.
Preloading 0 native plugins for Editor in 0.00 ms.
Unloading 2883 Unused Serialized files (Serialized files now loaded: 0)
System memory in use before: 129.0 MB.
System memory in use after: 129.1 MB.

Unloading 18 unused Assets to reduce memory usage. Loaded Objects now: 3318.
Total: 3.152600 ms (FindLiveObjects: 0.231800 ms CreateObjectMapping: 0.137300 ms MarkObjects: 2.692700 ms  DeleteObjects: 0.089700 ms)

AssetImportParameters requested are different than current active one (requested -> active):
  custom:framework-win-MediaFoundation: 216162199b28c13a410421893ffa2e32 -> 
  custom:video-decoder-ogg-theora: a1e56fd34408186e4bbccfd4996cb3dc -> 
  custom:container-muxer-webm: aa71ff27fc2769a1b78a27578f13a17b -> 
  custom:container-demuxer-webm: 4f35f7cbe854078d1ac9338744f61a02 -> 
  custom:container-demuxer-ogg: 62fdf1f143b41e24485cea50d1cbac27 -> 
  custom:video-encoder-webm-vp8: eb34c28f22e8b96e1ab97ce403110664 -> 
  custom:video-codec-MediaFoundation-h265: 746d11721c4dcdbdad8f713fa42b33f4 -> 
  custom:video-decoder-webm-vp8: 9c59270c3fd7afecdb556c50c9e8de78 -> 
  custom:audio-decoder-ogg-vorbis: bf7c407c2cedff20999df2af8eb42d56 -> 
  custom:audio-encoder-webm-vorbis: bf7c407c2cedff20999df2af8eb42d56 -> 
========================================================================
Received Import Request.
  path: Assets/Scenes/LOOP.unity
  artifactKey: Guid(4b2f87703f7b83140956deed7085453f) Importer(815301076,1909f56bfc062723c751e8b465ee728b)
Start importing Assets/Scenes/LOOP.unity using Guid(4b2f87703f7b83140956deed7085453f) Importer(815301076,1909f56bfc062723c751e8b465ee728b)  -> (artifact id: '454634bd31b0e2f7e37f8dac65d951ac') in 0.015213 seconds 
  Import took 0.018850 seconds .

========================================================================
Received Import Request.
  Time since last request: 42.994460 seconds.
  path: Assets/Models/LOOP-2.fbx
  artifactKey: Guid(859694731f99f9c4faf1cc2c6b4c0491) Importer(815301076,1909f56bfc062723c751e8b465ee728b)
Start importing Assets/Models/LOOP-2.fbx using Guid(859694731f99f9c4faf1cc2c6b4c0491) Importer(815301076,1909f56bfc062723c751e8b465ee728b)  -> (artifact id: 'c7b59360a8abce8c51472e17a05a4fd5') in 17.869539 seconds 
  Import took 17.909838 seconds .

========================================================================
Received Import Request.
  Time since last request: 0.000271 seconds.
  path: Assets/Models/WAREHOUSE.fbx
  artifactKey: Guid(32082b8350aa76f4e88d9d9e73ec3ca3) Importer(815301076,1909f56bfc062723c751e8b465ee728b)
Start importing Assets/Models/WAREHOUSE.fbx using Guid(32082b8350aa76f4e88d9d9e73ec3ca3) Importer(815301076,1909f56bfc062723c751e8b465ee728b)  -> (artifact id: '41725aad2e4dac80136f0871b6eea4d9') in 6.088975 seconds 
  Import took 6.098387 seconds .

========================================================================
Received Import Request.
  Time since last request: 0.000149 seconds.
  path: Assets/Models/LOOP-2.fbx
  artifactKey: Guid(859694731f99f9c4faf1cc2c6b4c0491) Importer(815301076,1909f56bfc062723c751e8b465ee728b)
Start importing Assets/Models/LOOP-2.fbx using Guid(859694731f99f9c4faf1cc2c6b4c0491) Importer(815301076,1909f56bfc062723c751e8b465ee728b)  -> (artifact id: 'c7b59360a8abce8c51472e17a05a4fd5') in 23.855386 seconds 
  Import took 23.892031 seconds .

========================================================================
Received Import Request.
  Time since last request: 38.394189 seconds.
  path: Assets/Materials/BU_1.mat
  artifactKey: Guid(a5851e7e9b9313242953fa36ba32bab5) Importer(815301076,1909f56bfc062723c751e8b465ee728b)
Start importing Assets/Materials/BU_1.mat using Guid(a5851e7e9b9313242953fa36ba32bab5) Importer(815301076,1909f56bfc062723c751e8b465ee728b)  -> (artifact id: '964e71e2fe1346d5437b359342f74779') in 0.090876 seconds 
  Import took 0.095587 seconds .

========================================================================
Received Import Request.
  Time since last request: 25.947948 seconds.
  path: Assets/Materials/BU_1.mat
  artifactKey: Guid(a5851e7e9b9313242953fa36ba32bab5) Importer(815301076,1909f56bfc062723c751e8b465ee728b)
Start importing Assets/Materials/BU_1.mat using Guid(a5851e7e9b9313242953fa36ba32bab5) Importer(815301076,1909f56bfc062723c751e8b465ee728b)  -> (artifact id: '9e83317533efe47e2d33620c4de6cb5f') in 0.016669 seconds 
  Import took 0.023569 seconds .

========================================================================
Received Import Request.
  Time since last request: 10.413030 seconds.
  path: Assets/Materials/BU_t.mat
  artifactKey: Guid(3b2ca98dcbb5e2845bdc128174fd0b37) Importer(815301076,1909f56bfc062723c751e8b465ee728b)
Start importing Assets/Materials/BU_t.mat using Guid(3b2ca98dcbb5e2845bdc128174fd0b37) Importer(815301076,1909f56bfc062723c751e8b465ee728b)  -> (artifact id: 'e937f12f0f74f6e5d6c1bab30d498d4c') in 0.027578 seconds 
  Import took 0.031917 seconds .

========================================================================
Received Import Request.
  Time since last request: 31.976271 seconds.
  path: Assets/Materials/BU_t.mat
  artifactKey: Guid(3b2ca98dcbb5e2845bdc128174fd0b37) Importer(815301076,1909f56bfc062723c751e8b465ee728b)
Start importing Assets/Materials/BU_t.mat using Guid(3b2ca98dcbb5e2845bdc128174fd0b37) Importer(815301076,1909f56bfc062723c751e8b465ee728b)  -> (artifact id: '1329e302b9849cdc7f699d9366ae2faf') in 0.020977 seconds 
  Import took 0.026953 seconds .

========================================================================
Received Import Request.
  Time since last request: 25.182059 seconds.
  path: Assets/Materials/BU_B.mat
  artifactKey: Guid(3bff00e2e56a2a34bb3255b86e3c7c64) Importer(815301076,1909f56bfc062723c751e8b465ee728b)
Start importing Assets/Materials/BU_B.mat using Guid(3bff00e2e56a2a34bb3255b86e3c7c64) Importer(815301076,1909f56bfc062723c751e8b465ee728b)  -> (artifact id: 'b1264166c2f0ad2867c3151bf18b1b22') in 0.030081 seconds 
  Import took 0.035123 seconds .

========================================================================
Received Import Request.
  Time since last request: 141.845713 seconds.
  path: Assets/Prefab/BIGAGENT.prefab
  artifactKey: Guid(de8a7d4b852938f4c9d7a86c0b7a6c5c) Importer(815301076,1909f56bfc062723c751e8b465ee728b)
Start importing Assets/Prefab/BIGAGENT.prefab using Guid(de8a7d4b852938f4c9d7a86c0b7a6c5c) Importer(815301076,1909f56bfc062723c751e8b465ee728b)  -> (artifact id: 'ee6041dc7cb4eef6ae091a50d7f72a3d') in 0.017474 seconds 
  Import took 0.022614 seconds .

========================================================================
Received Prepare
Registering precompiled user dll's ...
Registered in 0.002052 seconds.
Begin MonoManager ReloadAssembly
Native extension for WindowsStandalone target not found
Native extension for WebGL target not found
Refreshing native plugins compatible for Editor in 0.43 ms, found 2 plugins.
Preloading 0 native plugins for Editor in 0.00 ms.
Mono: successfully reloaded assembly
- Completed reload, in  0.938 seconds
Domain Reload Profiling:
	ReloadAssembly (938ms)
		BeginReloadAssembly (111ms)
			ExecutionOrderSort (0ms)
			DisableScriptedObjects (7ms)
			BackupInstance (0ms)
			ReleaseScriptingObjects (0ms)
			CreateAndSetChildDomain (34ms)
		EndReloadAssembly (779ms)
			LoadAssemblies (73ms)
			RebuildTransferFunctionScriptingTraits (0ms)
			SetupTypeCache (282ms)
			ReleaseScriptCaches (1ms)
			RebuildScriptCaches (40ms)
			SetupLoadedEditorAssemblies (262ms)
				LogAssemblyErrors (0ms)
				InitializePlatformSupportModulesInManaged (4ms)
				SetLoadedEditorAssemblies (0ms)
				RefreshPlugins (0ms)
				BeforeProcessingInitializeOnLoad (66ms)
				ProcessInitializeOnLoadAttributes (186ms)
				ProcessInitializeOnLoadMethodAttributes (3ms)
				AfterProcessingInitializeOnLoad (2ms)
				EditorAssembliesLoaded (0ms)
			ExecutionOrderSort2 (0ms)
			AwakeInstancesAfterBackupRestoration (14ms)
Platform modules already initialized, skipping
Refreshing native plugins compatible for Editor in 0.43 ms, found 2 plugins.
Preloading 0 native plugins for Editor in 0.00 ms.
Unloading 2772 Unused Serialized files (Serialized files now loaded: 0)
System memory in use before: 140.9 MB.
System memory in use after: 141.2 MB.

Unloading 13 unused Assets to reduce memory usage. Loaded Objects now: 3402.
Total: 2.906900 ms (FindLiveObjects: 0.234800 ms CreateObjectMapping: 0.106400 ms MarkObjects: 2.552100 ms  DeleteObjects: 0.012700 ms)

AssetImportParameters requested are different than current active one (requested -> active):
  custom:framework-win-MediaFoundation: 216162199b28c13a410421893ffa2e32 -> 
  custom:video-decoder-ogg-theora: a1e56fd34408186e4bbccfd4996cb3dc -> 
  custom:container-muxer-webm: aa71ff27fc2769a1b78a27578f13a17b -> 
  custom:container-demuxer-webm: 4f35f7cbe854078d1ac9338744f61a02 -> 
  custom:container-demuxer-ogg: 62fdf1f143b41e24485cea50d1cbac27 -> 
  custom:video-encoder-webm-vp8: eb34c28f22e8b96e1ab97ce403110664 -> 
  custom:video-codec-MediaFoundation-h265: 746d11721c4dcdbdad8f713fa42b33f4 -> 
  custom:video-decoder-webm-vp8: 9c59270c3fd7afecdb556c50c9e8de78 -> 
  custom:audio-decoder-ogg-vorbis: bf7c407c2cedff20999df2af8eb42d56 -> 
  custom:audio-encoder-webm-vorbis: bf7c407c2cedff20999df2af8eb42d56 -> 
========================================================================
Received Import Request.
  Time since last request: 144.312488 seconds.
  path: Assets/Prefab/BIGAGENT.prefab
  artifactKey: Guid(de8a7d4b852938f4c9d7a86c0b7a6c5c) Importer(815301076,1909f56bfc062723c751e8b465ee728b)
Start importing Assets/Prefab/BIGAGENT.prefab using Guid(de8a7d4b852938f4c9d7a86c0b7a6c5c) Importer(815301076,1909f56bfc062723c751e8b465ee728b)  -> (artifact id: '1d4208015c1de3f2b6fffb98a5664a16') in 0.123253 seconds 
  Import took 0.127186 seconds .

========================================================================
Received Import Request.
  Time since last request: 35.482053 seconds.
  path: Assets/Prefab/BIGAGENT.prefab
  artifactKey: Guid(de8a7d4b852938f4c9d7a86c0b7a6c5c) Importer(815301076,1909f56bfc062723c751e8b465ee728b)
Start importing Assets/Prefab/BIGAGENT.prefab using Guid(de8a7d4b852938f4c9d7a86c0b7a6c5c) Importer(815301076,1909f56bfc062723c751e8b465ee728b)  -> (artifact id: 'c3115ec195f6629dc536b7251bcba0ee') in 0.012521 seconds 
  Import took 0.018673 seconds .

========================================================================
Received Import Request.
  Time since last request: 0.000412 seconds.
  path: Assets/Prefab/BIGAGENT.prefab
  artifactKey: Guid(de8a7d4b852938f4c9d7a86c0b7a6c5c) Importer(815301076,1909f56bfc062723c751e8b465ee728b)
Start importing Assets/Prefab/BIGAGENT.prefab using Guid(de8a7d4b852938f4c9d7a86c0b7a6c5c) Importer(815301076,1909f56bfc062723c751e8b465ee728b)  -> (artifact id: 'c3115ec195f6629dc536b7251bcba0ee') in 0.010425 seconds 
  Import took 0.014632 seconds .

========================================================================
Received Import Request.
  Time since last request: 16.315645 seconds.
  path: Assets/Prefab/Cube.prefab
  artifactKey: Guid(42e12512451b27f499138fa2ad3a7336) Importer(815301076,1909f56bfc062723c751e8b465ee728b)
Start importing Assets/Prefab/Cube.prefab using Guid(42e12512451b27f499138fa2ad3a7336) Importer(815301076,1909f56bfc062723c751e8b465ee728b)  -> (artifact id: '09c0ca5b78b9a408142aba27bcc764d8') in 0.020820 seconds 
  Import took 0.025077 seconds .

========================================================================
Received Import Request.
  Time since last request: 0.005073 seconds.
  path: Assets/Prefab/Cube.prefab
  artifactKey: Guid(42e12512451b27f499138fa2ad3a7336) Importer(815301076,1909f56bfc062723c751e8b465ee728b)
Start importing Assets/Prefab/Cube.prefab using Guid(42e12512451b27f499138fa2ad3a7336) Importer(815301076,1909f56bfc062723c751e8b465ee728b)  -> (artifact id: '09c0ca5b78b9a408142aba27bcc764d8') in 0.008604 seconds 
  Import took 0.012799 seconds .

========================================================================
Received Import Request.
  Time since last request: 53.723065 seconds.
  path: Assets/Prefab/BIGAGENT.prefab
  artifactKey: Guid(de8a7d4b852938f4c9d7a86c0b7a6c5c) Importer(815301076,1909f56bfc062723c751e8b465ee728b)
Start importing Assets/Prefab/BIGAGENT.prefab using Guid(de8a7d4b852938f4c9d7a86c0b7a6c5c) Importer(815301076,1909f56bfc062723c751e8b465ee728b)  -> (artifact id: '179681dcbe3195ab347272ce8d8ee6d9') in 0.015613 seconds 
  Import took 0.019951 seconds .

========================================================================
Received Import Request.
  Time since last request: 55.854770 seconds.
  path: Assets/Standard Assets/Characters/ThirdPersonCharacter/Models/Ethan.fbx
  artifactKey: Guid(b235179bd2a63d1468dd430670338c55) Importer(815301076,1909f56bfc062723c751e8b465ee728b)
Start importing Assets/Standard Assets/Characters/ThirdPersonCharacter/Models/Ethan.fbx using Guid(b235179bd2a63d1468dd430670338c55) Importer(815301076,1909f56bfc062723c751e8b465ee728b)  -> (artifact id: '932b64e7e7c79efcce058f823699ecbe') in 0.103747 seconds 
  Import took 0.109917 seconds .

========================================================================
Received Import Request.
  Time since last request: 0.002794 seconds.
  path: Assets/Standard Assets/Characters/ThirdPersonCharacter/Models/Ethan.fbx
  artifactKey: Guid(b235179bd2a63d1468dd430670338c55) Importer(815301076,1909f56bfc062723c751e8b465ee728b)
Start importing Assets/Standard Assets/Characters/ThirdPersonCharacter/Models/Ethan.fbx using Guid(b235179bd2a63d1468dd430670338c55) Importer(815301076,1909f56bfc062723c751e8b465ee728b)  -> (artifact id: '932b64e7e7c79efcce058f823699ecbe') in 0.066311 seconds 
  Import took 0.071821 seconds .

========================================================================
Received Prepare
Registering precompiled user dll's ...
Registered in 0.002241 seconds.
Begin MonoManager ReloadAssembly
Native extension for WindowsStandalone target not found
Native extension for WebGL target not found
Refreshing native plugins compatible for Editor in 0.44 ms, found 2 plugins.
Preloading 0 native plugins for Editor in 0.00 ms.
Mono: successfully reloaded assembly
- Completed reload, in  0.888 seconds
Domain Reload Profiling:
	ReloadAssembly (888ms)
		BeginReloadAssembly (94ms)
			ExecutionOrderSort (0ms)
			DisableScriptedObjects (6ms)
			BackupInstance (0ms)
			ReleaseScriptingObjects (0ms)
			CreateAndSetChildDomain (29ms)
		EndReloadAssembly (747ms)
			LoadAssemblies (73ms)
			RebuildTransferFunctionScriptingTraits (0ms)
			SetupTypeCache (266ms)
			ReleaseScriptCaches (1ms)
			RebuildScriptCaches (40ms)
			SetupLoadedEditorAssemblies (248ms)
				LogAssemblyErrors (0ms)
				InitializePlatformSupportModulesInManaged (4ms)
				SetLoadedEditorAssemblies (0ms)
				RefreshPlugins (0ms)
				BeforeProcessingInitializeOnLoad (66ms)
				ProcessInitializeOnLoadAttributes (171ms)
				ProcessInitializeOnLoadMethodAttributes (4ms)
				AfterProcessingInitializeOnLoad (2ms)
				EditorAssembliesLoaded (0ms)
			ExecutionOrderSort2 (0ms)
			AwakeInstancesAfterBackupRestoration (13ms)
Platform modules already initialized, skipping
Refreshing native plugins compatible for Editor in 0.47 ms, found 2 plugins.
Preloading 0 native plugins for Editor in 0.00 ms.
Unloading 2772 Unused Serialized files (Serialized files now loaded: 0)
System memory in use before: 154.8 MB.
System memory in use after: 155.0 MB.

Unloading 13 unused Assets to reduce memory usage. Loaded Objects now: 3442.
Total: 2.918800 ms (FindLiveObjects: 0.240500 ms CreateObjectMapping: 0.123600 ms MarkObjects: 2.538000 ms  DeleteObjects: 0.016000 ms)

AssetImportParameters requested are different than current active one (requested -> active):
  custom:framework-win-MediaFoundation: 216162199b28c13a410421893ffa2e32 -> 
  custom:video-decoder-ogg-theora: a1e56fd34408186e4bbccfd4996cb3dc -> 
  custom:container-muxer-webm: aa71ff27fc2769a1b78a27578f13a17b -> 
  custom:container-demuxer-webm: 4f35f7cbe854078d1ac9338744f61a02 -> 
  custom:container-demuxer-ogg: 62fdf1f143b41e24485cea50d1cbac27 -> 
  custom:video-encoder-webm-vp8: eb34c28f22e8b96e1ab97ce403110664 -> 
  custom:video-codec-MediaFoundation-h265: 746d11721c4dcdbdad8f713fa42b33f4 -> 
  custom:video-decoder-webm-vp8: 9c59270c3fd7afecdb556c50c9e8de78 -> 
  custom:audio-decoder-ogg-vorbis: bf7c407c2cedff20999df2af8eb42d56 -> 
  custom:audio-encoder-webm-vorbis: bf7c407c2cedff20999df2af8eb42d56 -> 
========================================================================
Received Import Request.
  Time since last request: 3.128716 seconds.
  path: Assets/Prefab/BIGAGENT.prefab
  artifactKey: Guid(de8a7d4b852938f4c9d7a86c0b7a6c5c) Importer(815301076,1909f56bfc062723c751e8b465ee728b)
Start importing Assets/Prefab/BIGAGENT.prefab using Guid(de8a7d4b852938f4c9d7a86c0b7a6c5c) Importer(815301076,1909f56bfc062723c751e8b465ee728b)  -> (artifact id: '8592c37a9ffd2607a17a3e6250716500') in 0.134857 seconds 
  Import took 0.139553 seconds .

========================================================================
Received Prepare
Registering precompiled user dll's ...
Registered in 0.001981 seconds.
Begin MonoManager ReloadAssembly
Native extension for WindowsStandalone target not found
Native extension for WebGL target not found
Refreshing native plugins compatible for Editor in 0.44 ms, found 2 plugins.
Preloading 0 native plugins for Editor in 0.00 ms.
Mono: successfully reloaded assembly
- Completed reload, in  0.847 seconds
Domain Reload Profiling:
	ReloadAssembly (847ms)
		BeginReloadAssembly (95ms)
			ExecutionOrderSort (0ms)
			DisableScriptedObjects (5ms)
			BackupInstance (0ms)
			ReleaseScriptingObjects (0ms)
			CreateAndSetChildDomain (29ms)
		EndReloadAssembly (707ms)
			LoadAssemblies (67ms)
			RebuildTransferFunctionScriptingTraits (0ms)
			SetupTypeCache (248ms)
			ReleaseScriptCaches (1ms)
			RebuildScriptCaches (38ms)
			SetupLoadedEditorAssemblies (242ms)
				LogAssemblyErrors (0ms)
				InitializePlatformSupportModulesInManaged (4ms)
				SetLoadedEditorAssemblies (0ms)
				RefreshPlugins (0ms)
				BeforeProcessingInitializeOnLoad (66ms)
				ProcessInitializeOnLoadAttributes (166ms)
				ProcessInitializeOnLoadMethodAttributes (3ms)
				AfterProcessingInitializeOnLoad (3ms)
				EditorAssembliesLoaded (0ms)
			ExecutionOrderSort2 (0ms)
			AwakeInstancesAfterBackupRestoration (14ms)
Platform modules already initialized, skipping
Refreshing native plugins compatible for Editor in 0.43 ms, found 2 plugins.
Preloading 0 native plugins for Editor in 0.00 ms.
Unloading 2772 Unused Serialized files (Serialized files now loaded: 0)
System memory in use before: 154.9 MB.
System memory in use after: 155.2 MB.

Unloading 13 unused Assets to reduce memory usage. Loaded Objects now: 3480.
Total: 3.412100 ms (FindLiveObjects: 0.223200 ms CreateObjectMapping: 0.176500 ms MarkObjects: 2.935800 ms  DeleteObjects: 0.076100 ms)

AssetImportParameters requested are different than current active one (requested -> active):
  custom:framework-win-MediaFoundation: 216162199b28c13a410421893ffa2e32 -> 
  custom:video-decoder-ogg-theora: a1e56fd34408186e4bbccfd4996cb3dc -> 
  custom:container-muxer-webm: aa71ff27fc2769a1b78a27578f13a17b -> 
  custom:container-demuxer-webm: 4f35f7cbe854078d1ac9338744f61a02 -> 
  custom:container-demuxer-ogg: 62fdf1f143b41e24485cea50d1cbac27 -> 
  custom:video-encoder-webm-vp8: eb34c28f22e8b96e1ab97ce403110664 -> 
  custom:video-codec-MediaFoundation-h265: 746d11721c4dcdbdad8f713fa42b33f4 -> 
  custom:video-decoder-webm-vp8: 9c59270c3fd7afecdb556c50c9e8de78 -> 
  custom:audio-decoder-ogg-vorbis: bf7c407c2cedff20999df2af8eb42d56 -> 
  custom:audio-encoder-webm-vorbis: bf7c407c2cedff20999df2af8eb42d56 -> 
========================================================================
Received Prepare
Registering precompiled user dll's ...
Registered in 0.002642 seconds.
Begin MonoManager ReloadAssembly
Native extension for WindowsStandalone target not found
Native extension for WebGL target not found
Refreshing native plugins compatible for Editor in 0.75 ms, found 2 plugins.
Preloading 0 native plugins for Editor in 0.00 ms.
Mono: successfully reloaded assembly
- Completed reload, in  1.031 seconds
Domain Reload Profiling:
	ReloadAssembly (1031ms)
		BeginReloadAssembly (103ms)
			ExecutionOrderSort (0ms)
			DisableScriptedObjects (4ms)
			BackupInstance (0ms)
			ReleaseScriptingObjects (0ms)
			CreateAndSetChildDomain (34ms)
		EndReloadAssembly (866ms)
			LoadAssemblies (78ms)
			RebuildTransferFunctionScriptingTraits (0ms)
			SetupTypeCache (316ms)
			ReleaseScriptCaches (1ms)
			RebuildScriptCaches (43ms)
			SetupLoadedEditorAssemblies (286ms)
				LogAssemblyErrors (0ms)
				InitializePlatformSupportModulesInManaged (4ms)
				SetLoadedEditorAssemblies (0ms)
				RefreshPlugins (1ms)
				BeforeProcessingInitializeOnLoad (75ms)
				ProcessInitializeOnLoadAttributes (200ms)
				ProcessInitializeOnLoadMethodAttributes (3ms)
				AfterProcessingInitializeOnLoad (2ms)
				EditorAssembliesLoaded (0ms)
			ExecutionOrderSort2 (0ms)
			AwakeInstancesAfterBackupRestoration (15ms)
Platform modules already initialized, skipping
Refreshing native plugins compatible for Editor in 0.43 ms, found 2 plugins.
Preloading 0 native plugins for Editor in 0.00 ms.
Unloading 2773 Unused Serialized files (Serialized files now loaded: 0)
System memory in use before: 155.0 MB.
System memory in use after: 155.2 MB.

Unloading 13 unused Assets to reduce memory usage. Loaded Objects now: 3483.
Total: 3.414000 ms (FindLiveObjects: 0.222200 ms CreateObjectMapping: 0.097000 ms MarkObjects: 3.041000 ms  DeleteObjects: 0.053100 ms)

AssetImportParameters requested are different than current active one (requested -> active):
  custom:framework-win-MediaFoundation: 216162199b28c13a410421893ffa2e32 -> 
  custom:video-decoder-ogg-theora: a1e56fd34408186e4bbccfd4996cb3dc -> 
  custom:container-muxer-webm: aa71ff27fc2769a1b78a27578f13a17b -> 
  custom:container-demuxer-webm: 4f35f7cbe854078d1ac9338744f61a02 -> 
  custom:container-demuxer-ogg: 62fdf1f143b41e24485cea50d1cbac27 -> 
  custom:video-encoder-webm-vp8: eb34c28f22e8b96e1ab97ce403110664 -> 
  custom:video-codec-MediaFoundation-h265: 746d11721c4dcdbdad8f713fa42b33f4 -> 
  custom:video-decoder-webm-vp8: 9c59270c3fd7afecdb556c50c9e8de78 -> 
  custom:audio-decoder-ogg-vorbis: bf7c407c2cedff20999df2af8eb42d56 -> 
  custom:audio-encoder-webm-vorbis: bf7c407c2cedff20999df2af8eb42d56 -> 
========================================================================
Received Prepare
Registering precompiled user dll's ...
Registered in 0.001908 seconds.
Begin MonoManager ReloadAssembly
Native extension for WindowsStandalone target not found
Native extension for WebGL target not found
Refreshing native plugins compatible for Editor in 0.47 ms, found 2 plugins.
Preloading 0 native plugins for Editor in 0.00 ms.
Mono: successfully reloaded assembly
- Completed reload, in  0.869 seconds
Domain Reload Profiling:
	ReloadAssembly (869ms)
		BeginReloadAssembly (101ms)
			ExecutionOrderSort (0ms)
			DisableScriptedObjects (5ms)
			BackupInstance (0ms)
			ReleaseScriptingObjects (0ms)
			CreateAndSetChildDomain (29ms)
		EndReloadAssembly (718ms)
			LoadAssemblies (70ms)
			RebuildTransferFunctionScriptingTraits (0ms)
			SetupTypeCache (255ms)
			ReleaseScriptCaches (1ms)
			RebuildScriptCaches (39ms)
			SetupLoadedEditorAssemblies (244ms)
				LogAssemblyErrors (0ms)
				InitializePlatformSupportModulesInManaged (5ms)
				SetLoadedEditorAssemblies (0ms)
				RefreshPlugins (1ms)
				BeforeProcessingInitializeOnLoad (67ms)
				ProcessInitializeOnLoadAttributes (165ms)
				ProcessInitializeOnLoadMethodAttributes (3ms)
				AfterProcessingInitializeOnLoad (2ms)
				EditorAssembliesLoaded (0ms)
			ExecutionOrderSort2 (0ms)
			AwakeInstancesAfterBackupRestoration (14ms)
Platform modules already initialized, skipping
Refreshing native plugins compatible for Editor in 0.43 ms, found 2 plugins.
Preloading 0 native plugins for Editor in 0.00 ms.
Unloading 2773 Unused Serialized files (Serialized files now loaded: 0)
System memory in use before: 155.0 MB.
System memory in use after: 155.2 MB.

Unloading 13 unused Assets to reduce memory usage. Loaded Objects now: 3485.
Total: 3.075300 ms (FindLiveObjects: 0.224900 ms CreateObjectMapping: 0.104100 ms MarkObjects: 2.733600 ms  DeleteObjects: 0.012100 ms)

AssetImportParameters requested are different than current active one (requested -> active):
  custom:framework-win-MediaFoundation: 216162199b28c13a410421893ffa2e32 -> 
  custom:video-decoder-ogg-theora: a1e56fd34408186e4bbccfd4996cb3dc -> 
  custom:container-muxer-webm: aa71ff27fc2769a1b78a27578f13a17b -> 
  custom:container-demuxer-webm: 4f35f7cbe854078d1ac9338744f61a02 -> 
  custom:container-demuxer-ogg: 62fdf1f143b41e24485cea50d1cbac27 -> 
  custom:video-encoder-webm-vp8: eb34c28f22e8b96e1ab97ce403110664 -> 
  custom:video-codec-MediaFoundation-h265: 746d11721c4dcdbdad8f713fa42b33f4 -> 
  custom:video-decoder-webm-vp8: 9c59270c3fd7afecdb556c50c9e8de78 -> 
  custom:audio-decoder-ogg-vorbis: bf7c407c2cedff20999df2af8eb42d56 -> 
  custom:audio-encoder-webm-vorbis: bf7c407c2cedff20999df2af8eb42d56 -> 
========================================================================
Received Import Request.
  Time since last request: 257.291536 seconds.
  path: Assets/Prefab/BIGAGENT.prefab
  artifactKey: Guid(de8a7d4b852938f4c9d7a86c0b7a6c5c) Importer(815301076,1909f56bfc062723c751e8b465ee728b)
Start importing Assets/Prefab/BIGAGENT.prefab using Guid(de8a7d4b852938f4c9d7a86c0b7a6c5c) Importer(815301076,1909f56bfc062723c751e8b465ee728b)  -> (artifact id: 'eece1902df694a86867860f986603e8c') in 0.136114 seconds 
  Import took 0.142559 seconds .

========================================================================
Received Import Request.
  Time since last request: 1.782707 seconds.
  path: Assets/Prefab/BIGAGENT.prefab
  artifactKey: Guid(de8a7d4b852938f4c9d7a86c0b7a6c5c) Importer(815301076,1909f56bfc062723c751e8b465ee728b)
Start importing Assets/Prefab/BIGAGENT.prefab using Guid(de8a7d4b852938f4c9d7a86c0b7a6c5c) Importer(815301076,1909f56bfc062723c751e8b465ee728b)  -> (artifact id: '7462eae8e681ddd1e1d0dcd939bc3546') in 0.012717 seconds 
  Import took 0.017653 seconds .

========================================================================
Received Import Request.
  Time since last request: 11.563143 seconds.
  path: Assets/Prefab/BIGAGENT.prefab
  artifactKey: Guid(de8a7d4b852938f4c9d7a86c0b7a6c5c) Importer(815301076,1909f56bfc062723c751e8b465ee728b)
Start importing Assets/Prefab/BIGAGENT.prefab using Guid(de8a7d4b852938f4c9d7a86c0b7a6c5c) Importer(815301076,1909f56bfc062723c751e8b465ee728b)  -> (artifact id: 'c0d3afb1a277d6874fa243b1fab8ff69') in 0.015540 seconds 
  Import took 0.020621 seconds .

========================================================================
Received Import Request.
  Time since last request: 9.834655 seconds.
  path: Assets/Prefab/BIGAGENT.prefab
  artifactKey: Guid(de8a7d4b852938f4c9d7a86c0b7a6c5c) Importer(815301076,1909f56bfc062723c751e8b465ee728b)
Start importing Assets/Prefab/BIGAGENT.prefab using Guid(de8a7d4b852938f4c9d7a86c0b7a6c5c) Importer(815301076,1909f56bfc062723c751e8b465ee728b)  -> (artifact id: '96d2bfe3d31fee6e72f4c1abd541606b') in 0.013841 seconds 
  Import took 0.018291 seconds .

========================================================================
Received Import Request.
  Time since last request: 0.002339 seconds.
  path: Assets/Prefab/BIGAGENT.prefab
  artifactKey: Guid(de8a7d4b852938f4c9d7a86c0b7a6c5c) Importer(815301076,1909f56bfc062723c751e8b465ee728b)
Start importing Assets/Prefab/BIGAGENT.prefab using Guid(de8a7d4b852938f4c9d7a86c0b7a6c5c) Importer(815301076,1909f56bfc062723c751e8b465ee728b)  -> (artifact id: '96d2bfe3d31fee6e72f4c1abd541606b') in 0.011763 seconds 
  Import took 0.017500 seconds .

========================================================================
Received Prepare
Registering precompiled user dll's ...
Registered in 0.002147 seconds.
Begin MonoManager ReloadAssembly
Native extension for WindowsStandalone target not found
Native extension for WebGL target not found
Refreshing native plugins compatible for Editor in 0.44 ms, found 2 plugins.
Preloading 0 native plugins for Editor in 0.00 ms.
Mono: successfully reloaded assembly
- Completed reload, in  0.887 seconds
Domain Reload Profiling:
	ReloadAssembly (887ms)
		BeginReloadAssembly (99ms)
			ExecutionOrderSort (0ms)
			DisableScriptedObjects (6ms)
			BackupInstance (0ms)
			ReleaseScriptingObjects (0ms)
			CreateAndSetChildDomain (30ms)
		EndReloadAssembly (740ms)
			LoadAssemblies (70ms)
			RebuildTransferFunctionScriptingTraits (0ms)
			SetupTypeCache (262ms)
			ReleaseScriptCaches (1ms)
			RebuildScriptCaches (38ms)
			SetupLoadedEditorAssemblies (250ms)
				LogAssemblyErrors (0ms)
				InitializePlatformSupportModulesInManaged (4ms)
				SetLoadedEditorAssemblies (0ms)
				RefreshPlugins (0ms)
				BeforeProcessingInitializeOnLoad (67ms)
				ProcessInitializeOnLoadAttributes (173ms)
				ProcessInitializeOnLoadMethodAttributes (3ms)
				AfterProcessingInitializeOnLoad (2ms)
				EditorAssembliesLoaded (0ms)
			ExecutionOrderSort2 (0ms)
			AwakeInstancesAfterBackupRestoration (14ms)
Platform modules already initialized, skipping
Refreshing native plugins compatible for Editor in 0.43 ms, found 2 plugins.
Preloading 0 native plugins for Editor in 0.00 ms.
Unloading 2773 Unused Serialized files (Serialized files now loaded: 0)
System memory in use before: 155.1 MB.
System memory in use after: 155.4 MB.

Unloading 13 unused Assets to reduce memory usage. Loaded Objects now: 3523.
Total: 2.865900 ms (FindLiveObjects: 0.225600 ms CreateObjectMapping: 0.101600 ms MarkObjects: 2.525100 ms  DeleteObjects: 0.012800 ms)

AssetImportParameters requested are different than current active one (requested -> active):
  custom:framework-win-MediaFoundation: 216162199b28c13a410421893ffa2e32 -> 
  custom:video-decoder-ogg-theora: a1e56fd34408186e4bbccfd4996cb3dc -> 
  custom:container-muxer-webm: aa71ff27fc2769a1b78a27578f13a17b -> 
  custom:container-demuxer-webm: 4f35f7cbe854078d1ac9338744f61a02 -> 
  custom:container-demuxer-ogg: 62fdf1f143b41e24485cea50d1cbac27 -> 
  custom:video-encoder-webm-vp8: eb34c28f22e8b96e1ab97ce403110664 -> 
  custom:video-codec-MediaFoundation-h265: 746d11721c4dcdbdad8f713fa42b33f4 -> 
  custom:video-decoder-webm-vp8: 9c59270c3fd7afecdb556c50c9e8de78 -> 
  custom:audio-decoder-ogg-vorbis: bf7c407c2cedff20999df2af8eb42d56 -> 
  custom:audio-encoder-webm-vorbis: bf7c407c2cedff20999df2af8eb42d56 -> 
========================================================================
Received Import Request.
  Time since last request: 563.034735 seconds.
  path: Assets/Scenes/LOOP/NavMesh.asset
  artifactKey: Guid(d691fc9eaf181514f81892bc3ba5d615) Importer(815301076,1909f56bfc062723c751e8b465ee728b)
Start importing Assets/Scenes/LOOP/NavMesh.asset using Guid(d691fc9eaf181514f81892bc3ba5d615) Importer(815301076,1909f56bfc062723c751e8b465ee728b)  -> (artifact id: '8fc0c2362ac7ee40572ca14849283a87') in 0.015698 seconds 
  Import took 0.019937 seconds .

========================================================================
Received Import Request.
  Time since last request: 139.011431 seconds.
  path: Assets/Scenes/LOOP.unity
  artifactKey: Guid(4b2f87703f7b83140956deed7085453f) Importer(815301076,1909f56bfc062723c751e8b465ee728b)
Start importing Assets/Scenes/LOOP.unity using Guid(4b2f87703f7b83140956deed7085453f) Importer(815301076,1909f56bfc062723c751e8b465ee728b)  -> (artifact id: '367dde6ae1fbda7613f8c0c1e9061b54') in 0.003123 seconds 
  Import took 0.007156 seconds .

========================================================================
Received Prepare
Registering precompiled user dll's ...
Registered in 0.001755 seconds.
Begin MonoManager ReloadAssembly
Native extension for WindowsStandalone target not found
Native extension for WebGL target not found
Refreshing native plugins compatible for Editor in 0.43 ms, found 2 plugins.
Preloading 0 native plugins for Editor in 0.00 ms.
Mono: successfully reloaded assembly
- Completed reload, in  0.876 seconds
Domain Reload Profiling:
	ReloadAssembly (876ms)
		BeginReloadAssembly (89ms)
			ExecutionOrderSort (0ms)
			DisableScriptedObjects (5ms)
			BackupInstance (0ms)
			ReleaseScriptingObjects (0ms)
			CreateAndSetChildDomain (27ms)
		EndReloadAssembly (741ms)
			LoadAssemblies (67ms)
			RebuildTransferFunctionScriptingTraits (0ms)
			SetupTypeCache (256ms)
			ReleaseScriptCaches (1ms)
			RebuildScriptCaches (40ms)
			SetupLoadedEditorAssemblies (249ms)
				LogAssemblyErrors (0ms)
				InitializePlatformSupportModulesInManaged (4ms)
				SetLoadedEditorAssemblies (0ms)
				RefreshPlugins (0ms)
				BeforeProcessingInitializeOnLoad (66ms)
				ProcessInitializeOnLoadAttributes (172ms)
				ProcessInitializeOnLoadMethodAttributes (3ms)
				AfterProcessingInitializeOnLoad (2ms)
				EditorAssembliesLoaded (0ms)
			ExecutionOrderSort2 (0ms)
			AwakeInstancesAfterBackupRestoration (16ms)
Platform modules already initialized, skipping
Refreshing native plugins compatible for Editor in 0.43 ms, found 2 plugins.
Preloading 0 native plugins for Editor in 0.00 ms.
Unloading 2773 Unused Serialized files (Serialized files now loaded: 0)
System memory in use before: 155.1 MB.
System memory in use after: 155.4 MB.

Unloading 13 unused Assets to reduce memory usage. Loaded Objects now: 3525.
Total: 3.049100 ms (FindLiveObjects: 0.244400 ms CreateObjectMapping: 0.113100 ms MarkObjects: 2.656300 ms  DeleteObjects: 0.034600 ms)

AssetImportParameters requested are different than current active one (requested -> active):
  custom:framework-win-MediaFoundation: 216162199b28c13a410421893ffa2e32 -> 
  custom:video-decoder-ogg-theora: a1e56fd34408186e4bbccfd4996cb3dc -> 
  custom:container-muxer-webm: aa71ff27fc2769a1b78a27578f13a17b -> 
  custom:container-demuxer-webm: 4f35f7cbe854078d1ac9338744f61a02 -> 
  custom:container-demuxer-ogg: 62fdf1f143b41e24485cea50d1cbac27 -> 
  custom:video-encoder-webm-vp8: eb34c28f22e8b96e1ab97ce403110664 -> 
  custom:video-codec-MediaFoundation-h265: 746d11721c4dcdbdad8f713fa42b33f4 -> 
  custom:video-decoder-webm-vp8: 9c59270c3fd7afecdb556c50c9e8de78 -> 
  custom:audio-decoder-ogg-vorbis: bf7c407c2cedff20999df2af8eb42d56 -> 
  custom:audio-encoder-webm-vorbis: bf7c407c2cedff20999df2af8eb42d56 -> 
AssetImportWorkerClient::OnTransportError - code=2 error=End of file
